===== PSP REQUEST =====
2026-01-09T19:43:59.7493418Z
{
  "MerchantId": "22222222-2222-2222-2222-222222222222", //Ovo treab da usaglasimo to ti meni dajes da ja rucno ubacim u bazu pa ti
  "MerchantPassword": "psp-secret-123",			//ja to saljem nazad po specifikaciji
  "Amount": 270,
  "Currency": "EUR",
  "MerchantOrderId": "84c12323-cf4b-474b-a2c4-c875ed168a96",
  "MerchantTimestamp": "2026-01-09T19:43:59.7456257Z",
  "SuccessUrl": "http://shop1.localhost:5173/success",
  "FailedUrl": "http://shop1.localhost:5173/failed",
  "ErrorUrl": "http://shop1.localhost:5173/payment-result",
  "CallbackUrl": "https://localhost:7171/api/payments/webhook"
}

===== PSP REQUEST =====
2026-01-09T19:49:38.2531449Z
{
  "MerchantId": "44444444-4444-4444-4444-444444444444",
  "MerchantPassword": "psp-secret-321",
  "Amount": 400,
  "Currency": "EUR",
  "MerchantOrderId": "e846ac2d-6af2-44d4-bb08-6b336f9b8b52",
  "MerchantTimestamp": "2026-01-09T19:49:38.2517447Z",
  "SuccessUrl": "http://shop2.localhost:5174/success",
  "FailedUrl": "http://shop2.localhost:5174/failed",
  "ErrorUrl": "http://shop2.localhost:5174/payment-result",
  "CallbackUrl": "https://localhost:7171/api/payments/webhook"
}

===== PSP REQUEST =====
2026-01-09T19:51:24.4552278Z
{
  "MerchantId": "22222222-2222-2222-2222-222222222222",
  "MerchantPassword": "psp-secret-123",
  "Amount": 345,
  "Currency": "EUR",
  "MerchantOrderId": "5628a6a6-f7ea-4747-ab23-5a75e653f926",
  "MerchantTimestamp": "2026-01-09T19:51:24.4539768Z",
  "SuccessUrl": "http://shop1.localhost:5173/success",
  "FailedUrl": "http://shop1.localhost:5173/failed",
  "ErrorUrl": "http://shop1.localhost:5173/payment-result",
  "CallbackUrl": "https://localhost:7171/api/payments/webhook"
}

